# JRE version: OpenJDK Runtime Environment (18.0+36) (build 18+36-2087)
# Java VM: OpenJDK 64-Bit Server VM (18+36-2087, mixed mode, sharing, tiered, compressed oops, compressed class ptrs, g1 gc, windows-amd64)
GC Precious Log:
 CardTable entry size: 512
 Card Set container configuration: InlinePtr #cards 5 size 8 Array Of Cards #cards 12 size 40 Howl #buckets 4 coarsen threshold 1843 Howl Bitmap #cards 512 size 80 coarsen threshold 460 Card regions per heap region 1 cards per card region 2048
 CPUs: 8 total, 8 available
 Memory: 15970M
 Large Page Support: Disabled
 NUMA Support: Disabled
 Compressed Oops: Enabled (32-bit)
 Heap Region Size: 1M
 Heap Min Capacity: 8M
 Heap Initial Capacity: 250M
 Heap Max Capacity: 2G
 Pre-touch: Disabled
 Parallel Workers: 8
 Concurrent Workers: 2
 Concurrent Refinement Workers: 8
 Periodic GC: Disabled
Heap:
 garbage-first heap   total 256000K, used 117321K [0x0000000080000000, 0x0000000100000000)
  region size 1024K, 9 young (9216K), 9 survivors (9216K)
 Metaspace       used 97249K, committed 100224K, reserved 552960K
  class space    used 12859K, committed 14272K, reserved 421888K
GC Heap History (20 events):
Event: 39.211 GC heap after
{Heap after GC invocations=57 (full 0):
 garbage-first heap   total 245760K, used 108894K [0x0000000080000000, 0x0000000100000000)
  region size 1024K, 2 young (2048K), 2 survivors (2048K)
 Metaspace       used 94099K, committed 96064K, reserved 552960K
  class space    used 12943K, committed 13952K, reserved 421888K
}
Event: 39.379 GC heap before
{Heap before GC invocations=57 (full 0):
 garbage-first heap   total 245760K, used 133470K [0x0000000080000000, 0x0000000100000000)
  region size 1024K, 28 young (28672K), 2 survivors (2048K)
 Metaspace       used 94239K, committed 96192K, reserved 552960K
  class space    used 12954K, committed 13952K, reserved 421888K
}
Event: 39.382 GC heap after
{Heap after GC invocations=58 (full 0):
 garbage-first heap   total 245760K, used 109375K [0x0000000080000000, 0x0000000100000000)
  region size 1024K, 2 young (2048K), 2 survivors (2048K)
 Metaspace       used 94239K, committed 96192K, reserved 552960K
  class space    used 12954K, committed 13952K, reserved 421888K
}
Event: 2081.380 GC heap before
{Heap before GC invocations=59 (full 0):
 garbage-first heap   total 245760K, used 203583K [0x0000000080000000, 0x0000000100000000)
  region size 1024K, 91 young (93184K), 2 survivors (2048K)
 Metaspace       used 97351K, committed 99328K, reserved 552960K
  class space    used 13272K, committed 14272K, reserved 421888K
}
Event: 2081.470 GC heap after
{Heap after GC invocations=60 (full 0):
 garbage-first heap   total 245760K, used 113703K [0x0000000080000000, 0x0000000100000000)
  region size 1024K, 6 young (6144K), 6 survivors (6144K)
 Metaspace       used 97351K, committed 99328K, reserved 552960K
  class space    used 13272K, committed 14272K, reserved 421888K
}
Event: 2081.502 GC heap before
{Heap before GC invocations=60 (full 0):
 garbage-first heap   total 245760K, used 119847K [0x0000000080000000, 0x0000000100000000)
  region size 1024K, 12 young (12288K), 6 survivors (6144K)
 Metaspace       used 97351K, committed 99328K, reserved 552960K
  class space    used 13272K, committed 14272K, reserved 421888K
}
Event: 2081.560 GC heap after
{Heap after GC invocations=61 (full 0):
 garbage-first heap   total 245760K, used 113580K [0x0000000080000000, 0x0000000100000000)
  region size 1024K, 1 young (1024K), 1 survivors (1024K)
 Metaspace       used 97351K, committed 99328K, reserved 552960K
  class space    used 13272K, committed 14272K, reserved 421888K
}
Event: 2098.178 GC heap before
{Heap before GC invocations=61 (full 0):
 garbage-first heap   total 245760K, used 200620K [0x0000000080000000, 0x0000000100000000)
  region size 1024K, 87 young (89088K), 1 survivors (1024K)
 Metaspace       used 98058K, committed 100032K, reserved 552960K
  class space    used 13279K, committed 14272K, reserved 421888K
}
Event: 2098.197 GC heap after
{Heap after GC invocations=62 (full 0):
 garbage-first heap   total 245760K, used 121540K [0x0000000080000000, 0x0000000100000000)
  region size 1024K, 9 young (9216K), 9 survivors (9216K)
 Metaspace       used 98058K, committed 100032K, reserved 552960K
  class space    used 13279K, committed 14272K, reserved 421888K
}
Event: 2203.431 GC heap before
{Heap before GC invocations=63 (full 0):
 garbage-first heap   total 245760K, used 200388K [0x0000000080000000, 0x0000000100000000)
  region size 1024K, 87 young (89088K), 9 survivors (9216K)
 Metaspace       used 96556K, committed 100096K, reserved 552960K
  class space    used 12862K, committed 14272K, reserved 421888K
}
Event: 2203.460 GC heap after
{Heap after GC invocations=64 (full 0):
 garbage-first heap   total 245760K, used 128798K [0x0000000080000000, 0x0000000100000000)
  region size 1024K, 8 young (8192K), 8 survivors (8192K)
 Metaspace       used 96556K, committed 100096K, reserved 552960K
  class space    used 12862K, committed 14272K, reserved 421888K
}
Event: 2203.560 GC heap before
{Heap before GC invocations=64 (full 0):
 garbage-first heap   total 245760K, used 132894K [0x0000000080000000, 0x0000000100000000)
  region size 1024K, 12 young (12288K), 8 survivors (8192K)
 Metaspace       used 96571K, committed 100096K, reserved 552960K
  class space    used 12862K, committed 14272K, reserved 421888K
}
Event: 2203.609 GC heap after
{Heap after GC invocations=65 (full 0):
 garbage-first heap   total 245760K, used 118836K [0x0000000080000000, 0x0000000100000000)
  region size 1024K, 2 young (2048K), 2 survivors (2048K)
 Metaspace       used 96571K, committed 100096K, reserved 552960K
  class space    used 12862K, committed 14272K, reserved 421888K
}
Event: 2229.394 GC heap before
{Heap before GC invocations=65 (full 0):
 garbage-first heap   total 245760K, used 198708K [0x0000000080000000, 0x0000000100000000)
  region size 1024K, 81 young (82944K), 2 survivors (2048K)
 Metaspace       used 96807K, committed 100160K, reserved 552960K
  class space    used 12865K, committed 14272K, reserved 421888K
}
Event: 2229.405 GC heap after
{Heap after GC invocations=66 (full 0):
 garbage-first heap   total 245760K, used 123331K [0x0000000080000000, 0x0000000100000000)
  region size 1024K, 6 young (6144K), 6 survivors (6144K)
 Metaspace       used 96807K, committed 100160K, reserved 552960K
  class space    used 12865K, committed 14272K, reserved 421888K
}
Event: 2386.464 GC heap before
{Heap before GC invocations=67 (full 0):
 garbage-first heap   total 245760K, used 199107K [0x0000000080000000, 0x0000000100000000)
  region size 1024K, 82 young (83968K), 6 survivors (6144K)
 Metaspace       used 96983K, committed 100160K, reserved 552960K
  class space    used 12858K, committed 14272K, reserved 421888K
}
Event: 2386.470 GC heap after
{Heap after GC invocations=68 (full 0):
 garbage-first heap   total 245760K, used 121097K [0x0000000080000000, 0x0000000100000000)
  region size 1024K, 4 young (4096K), 4 survivors (4096K)
 Metaspace       used 96983K, committed 100160K, reserved 552960K
  class space    used 12858K, committed 14272K, reserved 421888K
}
Event: 2386.612 GC heap before
{Heap before GC invocations=68 (full 0):
 garbage-first heap   total 245760K, used 129289K [0x0000000080000000, 0x0000000100000000)
  region size 1024K, 12 young (12288K), 4 survivors (4096K)
 Metaspace       used 97035K, committed 100160K, reserved 552960K
  class space    used 12858K, committed 14272K, reserved 421888K
}
Event: 2386.634 GC heap after
{Heap after GC invocations=69 (full 0):
 garbage-first heap   total 245760K, used 110582K [0x0000000080000000, 0x0000000100000000)
  region size 1024K, 2 young (2048K), 2 survivors (2048K)
 Metaspace       used 97035K, committed 100160K, reserved 552960K
  class space    used 12858K, committed 14272K, reserved 421888K
}
Event: 2503.593 GC heap before
{Heap before GC invocations=69 (full 0):
 garbage-first heap   total 245760K, used 200694K [0x0000000080000000, 0x0000000100000000)
  region size 1024K, 91 young (93184K), 2 survivors (2048K)
 Metaspace       used 97249K, committed 100224K, reserved 552960K
  class space    used 12859K, committed 14272K, reserved 421888K
}

