# JRE version: OpenJDK Runtime Environment (18.0+36) (build 18+36-2087)
# Java VM: OpenJDK 64-Bit Server VM (18+36-2087, mixed mode, sharing, tiered, compressed oops, compressed class ptrs, g1 gc, windows-amd64)
GC Precious Log:
 CardTable entry size: 512
 Card Set container configuration: InlinePtr #cards 5 size 8 Array Of Cards #cards 12 size 40 Howl #buckets 4 coarsen threshold 1843 Howl Bitmap #cards 512 size 80 coarsen threshold 460 Card regions per heap region 1 cards per card region 2048
 CPUs: 8 total, 8 available
 Memory: 15970M
 Large Page Support: Disabled
 NUMA Support: Disabled
 Compressed Oops: Enabled (32-bit)
 Heap Region Size: 1M
 Heap Min Capacity: 8M
 Heap Initial Capacity: 250M
 Heap Max Capacity: 2G
 Pre-touch: Disabled
 Parallel Workers: 8
 Concurrent Workers: 2
 Concurrent Refinement Workers: 8
 Periodic GC: Disabled
Heap:
 garbage-first heap   total 78848K, used 32137K [0x0000000080000000, 0x0000000100000000)
  region size 1024K, 6 young (6144K), 4 survivors (4096K)
 Metaspace       used 33514K, committed 34688K, reserved 487424K
  class space    used 4646K, committed 5248K, reserved 421888K
GC Heap History (10 events):
Event: 3.158 GC heap before
{Heap before GC invocations=0 (full 0):
 garbage-first heap   total 256000K, used 28672K [0x0000000080000000, 0x0000000100000000)
  region size 1024K, 23 young (23552K), 0 survivors (0K)
 Metaspace       used 3006K, committed 3200K, reserved 487424K
  class space    used 374K, committed 448K, reserved 421888K
}
Event: 3.176 GC heap after
{Heap after GC invocations=1 (full 0):
 garbage-first heap   total 256000K, used 8882K [0x0000000080000000, 0x0000000100000000)
  region size 1024K, 3 young (3072K), 3 survivors (3072K)
 Metaspace       used 3006K, committed 3200K, reserved 487424K
  class space    used 374K, committed 448K, reserved 421888K
}
Event: 5.123 GC heap before
{Heap before GC invocations=1 (full 0):
 garbage-first heap   total 256000K, used 38578K [0x0000000080000000, 0x0000000100000000)
  region size 1024K, 32 young (32768K), 3 survivors (3072K)
 Metaspace       used 3955K, committed 4096K, reserved 487424K
  class space    used 473K, committed 576K, reserved 421888K
}
Event: 5.130 GC heap after
{Heap after GC invocations=2 (full 0):
 garbage-first heap   total 256000K, used 13367K [0x0000000080000000, 0x0000000100000000)
  region size 1024K, 4 young (4096K), 4 survivors (4096K)
 Metaspace       used 3955K, committed 4096K, reserved 487424K
  class space    used 473K, committed 576K, reserved 421888K
}
Event: 14.376 GC heap before
{Heap before GC invocations=2 (full 0):
 garbage-first heap   total 256000K, used 105527K [0x0000000080000000, 0x0000000100000000)
  region size 1024K, 95 young (97280K), 4 survivors (4096K)
 Metaspace       used 20768K, committed 21504K, reserved 487424K
  class space    used 3059K, committed 3456K, reserved 421888K
}
Event: 14.399 GC heap after
{Heap after GC invocations=3 (full 0):
 garbage-first heap   total 256000K, used 20996K [0x0000000080000000, 0x0000000100000000)
  region size 1024K, 12 young (12288K), 12 survivors (12288K)
 Metaspace       used 20768K, committed 21504K, reserved 487424K
  class space    used 3059K, committed 3456K, reserved 421888K
}
Event: 17.561 GC heap before
{Heap before GC invocations=4 (full 0):
 garbage-first heap   total 78848K, used 55812K [0x0000000080000000, 0x0000000100000000)
  region size 1024K, 46 young (47104K), 12 survivors (12288K)
 Metaspace       used 25867K, committed 26944K, reserved 487424K
  class space    used 3826K, committed 4352K, reserved 421888K
}
Event: 17.579 GC heap after
{Heap after GC invocations=5 (full 0):
 garbage-first heap   total 78848K, used 23824K [0x0000000080000000, 0x0000000100000000)
  region size 1024K, 3 young (3072K), 3 survivors (3072K)
 Metaspace       used 25867K, committed 26944K, reserved 487424K
  class space    used 3826K, committed 4352K, reserved 421888K
}
Event: 19.690 GC heap before
{Heap before GC invocations=5 (full 0):
 garbage-first heap   total 78848K, used 54544K [0x0000000080000000, 0x0000000100000000)
  region size 1024K, 33 young (33792K), 3 survivors (3072K)
 Metaspace       used 30528K, committed 31552K, reserved 487424K
  class space    used 4327K, committed 4864K, reserved 421888K
}
Event: 19.700 GC heap after
{Heap after GC invocations=6 (full 0):
 garbage-first heap   total 78848K, used 27290K [0x0000000080000000, 0x0000000100000000)
  region size 1024K, 5 young (5120K), 5 survivors (5120K)
 Metaspace       used 30528K, committed 31552K, reserved 487424K
  class space    used 4327K, committed 4864K, reserved 421888K
}

