# JRE version: OpenJDK Runtime Environment (18.0+36) (build 18+36-2087)
# Java VM: OpenJDK 64-Bit Server VM (18+36-2087, mixed mode, sharing, tiered, compressed oops, compressed class ptrs, g1 gc, windows-amd64)
GC Precious Log:
 CardTable entry size: 512
 Card Set container configuration: InlinePtr #cards 5 size 8 Array Of Cards #cards 12 size 40 Howl #buckets 4 coarsen threshold 1843 Howl Bitmap #cards 512 size 80 coarsen threshold 460 Card regions per heap region 1 cards per card region 2048
 CPUs: 8 total, 8 available
 Memory: 15970M
 Large Page Support: Disabled
 NUMA Support: Disabled
 Compressed Oops: Enabled (32-bit)
 Heap Region Size: 1M
 Heap Min Capacity: 8M
 Heap Initial Capacity: 250M
 Heap Max Capacity: 2G
 Pre-touch: Disabled
 Parallel Workers: 8
 Concurrent Workers: 2
 Concurrent Refinement Workers: 8
 Periodic GC: Disabled
Heap:
 garbage-first heap   total 196608K, used 108030K [0x0000000080000000, 0x0000000100000000)
  region size 1024K, 6 young (6144K), 6 survivors (6144K)
 Metaspace       used 88817K, committed 90816K, reserved 552960K
  class space    used 12272K, committed 13312K, reserved 421888K
GC Heap History (20 events):
Event: 63.639 GC heap after
{Heap after GC invocations=45 (full 0):
 garbage-first heap   total 116736K, used 86235K [0x0000000080000000, 0x0000000100000000)
  region size 1024K, 3 young (3072K), 3 survivors (3072K)
 Metaspace       used 87022K, committed 88960K, reserved 552960K
  class space    used 12068K, committed 13056K, reserved 421888K
}
Event: 64.111 GC heap before
{Heap before GC invocations=45 (full 0):
 garbage-first heap   total 116736K, used 98523K [0x0000000080000000, 0x0000000100000000)
  region size 1024K, 16 young (16384K), 3 survivors (3072K)
 Metaspace       used 87534K, committed 89472K, reserved 552960K
  class space    used 12162K, committed 13184K, reserved 421888K
}
Event: 64.118 GC heap after
{Heap after GC invocations=46 (full 0):
 garbage-first heap   total 116736K, used 87566K [0x0000000080000000, 0x0000000100000000)
  region size 1024K, 2 young (2048K), 2 survivors (2048K)
 Metaspace       used 87534K, committed 89472K, reserved 552960K
  class space    used 12162K, committed 13184K, reserved 421888K
}
Event: 64.331 GC heap before
{Heap before GC invocations=46 (full 0):
 garbage-first heap   total 116736K, used 97806K [0x0000000080000000, 0x0000000100000000)
  region size 1024K, 13 young (13312K), 2 survivors (2048K)
 Metaspace       used 87635K, committed 89600K, reserved 552960K
  class space    used 12163K, committed 13184K, reserved 421888K
}
Event: 64.337 GC heap after
{Heap after GC invocations=47 (full 0):
 garbage-first heap   total 140288K, used 88111K [0x0000000080000000, 0x0000000100000000)
  region size 1024K, 1 young (1024K), 1 survivors (1024K)
 Metaspace       used 87635K, committed 89600K, reserved 552960K
  class space    used 12163K, committed 13184K, reserved 421888K
}
Event: 65.272 GC heap before
{Heap before GC invocations=48 (full 0):
 garbage-first heap   total 155648K, used 114735K [0x0000000080000000, 0x0000000100000000)
  region size 1024K, 28 young (28672K), 1 survivors (1024K)
 Metaspace       used 88170K, committed 90048K, reserved 552960K
  class space    used 12231K, committed 13184K, reserved 421888K
}
Event: 65.282 GC heap after
{Heap after GC invocations=49 (full 0):
 garbage-first heap   total 155648K, used 91517K [0x0000000080000000, 0x0000000100000000)
  region size 1024K, 4 young (4096K), 4 survivors (4096K)
 Metaspace       used 88170K, committed 90048K, reserved 552960K
  class space    used 12231K, committed 13184K, reserved 421888K
}
Event: 66.078 GC heap before
{Heap before GC invocations=49 (full 0):
 garbage-first heap   total 155648K, used 127357K [0x0000000080000000, 0x0000000100000000)
  region size 1024K, 40 young (40960K), 4 survivors (4096K)
 Metaspace       used 88339K, committed 90304K, reserved 552960K
  class space    used 12232K, committed 13248K, reserved 421888K
}
Event: 66.086 GC heap after
{Heap after GC invocations=50 (full 0):
 garbage-first heap   total 155648K, used 93737K [0x0000000080000000, 0x0000000100000000)
  region size 1024K, 3 young (3072K), 3 survivors (3072K)
 Metaspace       used 88339K, committed 90304K, reserved 552960K
  class space    used 12232K, committed 13248K, reserved 421888K
}
Event: 67.571 GC heap before
{Heap before GC invocations=50 (full 0):
 garbage-first heap   total 155648K, used 135721K [0x0000000080000000, 0x0000000100000000)
  region size 1024K, 37 young (37888K), 3 survivors (3072K)
 Metaspace       used 88386K, committed 90368K, reserved 552960K
  class space    used 12239K, committed 13312K, reserved 421888K
}
Event: 67.577 GC heap after
{Heap after GC invocations=51 (full 0):
 garbage-first heap   total 155648K, used 99448K [0x0000000080000000, 0x0000000100000000)
  region size 1024K, 4 young (4096K), 4 survivors (4096K)
 Metaspace       used 88386K, committed 90368K, reserved 552960K
  class space    used 12239K, committed 13312K, reserved 421888K
}
Event: 68.122 GC heap before
{Heap before GC invocations=51 (full 0):
 garbage-first heap   total 155648K, used 132216K [0x0000000080000000, 0x0000000100000000)
  region size 1024K, 32 young (32768K), 4 survivors (4096K)
 Metaspace       used 88490K, committed 90432K, reserved 552960K
  class space    used 12244K, committed 13312K, reserved 421888K
}
Event: 68.131 GC heap after
{Heap after GC invocations=52 (full 0):
 garbage-first heap   total 155648K, used 99502K [0x0000000080000000, 0x0000000100000000)
  region size 1024K, 4 young (4096K), 4 survivors (4096K)
 Metaspace       used 88490K, committed 90432K, reserved 552960K
  class space    used 12244K, committed 13312K, reserved 421888K
}
Event: 68.674 GC heap before
{Heap before GC invocations=52 (full 0):
 garbage-first heap   total 155648K, used 132270K [0x0000000080000000, 0x0000000100000000)
  region size 1024K, 32 young (32768K), 4 survivors (4096K)
 Metaspace       used 88578K, committed 90560K, reserved 552960K
  class space    used 12254K, committed 13312K, reserved 421888K
}
Event: 68.685 GC heap after
{Heap after GC invocations=53 (full 0):
 garbage-first heap   total 155648K, used 100428K [0x0000000080000000, 0x0000000100000000)
  region size 1024K, 5 young (5120K), 5 survivors (5120K)
 Metaspace       used 88578K, committed 90560K, reserved 552960K
  class space    used 12254K, committed 13312K, reserved 421888K
}
Event: 69.009 GC heap before
{Heap before GC invocations=53 (full 0):
 garbage-first heap   total 155648K, used 123980K [0x0000000080000000, 0x0000000100000000)
  region size 1024K, 24 young (24576K), 5 survivors (5120K)
 Metaspace       used 88670K, committed 90688K, reserved 552960K
  class space    used 12261K, committed 13312K, reserved 421888K
}
Event: 69.018 GC heap after
{Heap after GC invocations=54 (full 0):
 garbage-first heap   total 155648K, used 104181K [0x0000000080000000, 0x0000000100000000)
  region size 1024K, 2 young (2048K), 2 survivors (2048K)
 Metaspace       used 88670K, committed 90688K, reserved 552960K
  class space    used 12261K, committed 13312K, reserved 421888K
}
Event: 69.493 GC heap before
{Heap before GC invocations=55 (full 0):
 garbage-first heap   total 196608K, used 132853K [0x0000000080000000, 0x0000000100000000)
  region size 1024K, 25 young (25600K), 2 survivors (2048K)
 Metaspace       used 88688K, committed 90688K, reserved 552960K
  class space    used 12260K, committed 13312K, reserved 421888K
}
Event: 69.500 GC heap after
{Heap after GC invocations=56 (full 0):
 garbage-first heap   total 196608K, used 103572K [0x0000000080000000, 0x0000000100000000)
  region size 1024K, 4 young (4096K), 4 survivors (4096K)
 Metaspace       used 88688K, committed 90688K, reserved 552960K
  class space    used 12260K, committed 13312K, reserved 421888K
}
Event: 70.275 GC heap before
{Heap before GC invocations=56 (full 0):
 garbage-first heap   total 196608K, used 153748K [0x0000000080000000, 0x0000000100000000)
  region size 1024K, 49 young (50176K), 4 survivors (4096K)
 Metaspace       used 88817K, committed 90816K, reserved 552960K
  class space    used 12272K, committed 13312K, reserved 421888K
}

